<?xml version="1.0" encoding="utf-8" ?>
<!DOCTYPE html PUBLIC "-//W3C//DTD XHTML 1.0 Strict//EN"
        "http://www.w3.org/TR/xhtml1/DTD/xhtml1-strict.dtd">
<html xmlns="http://www.w3.org/1999/xhtml" xml:lang="" lang="">
<head>
  <title>Test Results Report - Run on Safari</title>
  <meta http-equiv="Content-Type" content="text/html;charset=utf-8" />
  <meta name="description" content="TestNG unit test results." />
  <link href="reportng.css" rel="stylesheet" type="text/css" />
    <script type="text/javascript" src="reportng.js"></script>
</head>
<body>
<h1>Run on Safari</h1>
<p>
  Test duration: 65.395s
</p>



  <table class="resultsTable">
    <tr><th colspan="3" class="header failed">Failed Tests</th></tr>
          <tr>
        <td colspan="3" class="group">com.nopcommerce.account.Level_18_ExtentReportV5</td>
      </tr>
            
<tr>
  <td class="method">
                  User_01_Register
      </td>
  <td class="duration">
    30.705s
  </td>
  <td class="result">
        
          <i>Method arguments: </i><span class="arguments">public void com.nopcommerce.account.Level_18_ExtentReportV5.User_01_Register(java.lang.reflect.Method)</span><br />
    
        

        <a href="javascript:toggleElement('exception-0', 'block')" title="Click to expand/collapse"><b>org.openqa.selenium.TimeoutException: Build info: version: &apos;4.16.1&apos;, revision: &apos;9b4c83354e&apos;<br/>
System info: os.name: &apos;Mac OS X&apos;, os.arch: &apos;aarch64&apos;, os.version: &apos;14.5&apos;, java.version: &apos;11.0.16&apos;<br/>
Driver info: org.openqa.selenium.safari.SafariDriver<br/>
Command: [B8169754-8B07-4C60-937D-112D8F4D80BC, findElement {using=id, value=FirstName}]<br/>
Capabilities {acceptInsecureCerts: false, browserName: Safari, browserVersion: 17.5, platformName: mac, safari:automaticInspection: false, safari:automaticProfiling: false, safari:diagnose: false, safari:platformBuildVersion: 23F79, safari:platformVersion: 14.5, safari:useSimulator: false, setWindowRect: true, strictFileInteractability: false, webkit:WebRTC: {DisableICECandidateFiltering: false, DisableInsecureMediaCapture: false}}<br/>
Session ID: B8169754-8B07-4C60-937D-112D8F4D80BC</b></a><br />
    <div class="stackTrace" id="exception-0">
              java.base/jdk.internal.reflect.NativeConstructorAccessorImpl.newInstance0(Native Method)<br />
              java.base/jdk.internal.reflect.NativeConstructorAccessorImpl.newInstance(NativeConstructorAccessorImpl.java:62)<br />
              java.base/jdk.internal.reflect.DelegatingConstructorAccessorImpl.newInstance(DelegatingConstructorAccessorImpl.java:45)<br />
              java.base/java.lang.reflect.Constructor.newInstance(Constructor.java:490)<br />
              org.openqa.selenium.remote.codec.w3c.W3CHttpResponseCodec.createException(W3CHttpResponseCodec.java:200)<br />
              org.openqa.selenium.remote.codec.w3c.W3CHttpResponseCodec.decode(W3CHttpResponseCodec.java:133)<br />
              org.openqa.selenium.remote.codec.w3c.W3CHttpResponseCodec.decode(W3CHttpResponseCodec.java:52)<br />
              org.openqa.selenium.remote.HttpCommandExecutor.execute(HttpCommandExecutor.java:191)<br />
              org.openqa.selenium.remote.service.DriverCommandExecutor.invokeExecute(DriverCommandExecutor.java:200)<br />
              org.openqa.selenium.remote.service.DriverCommandExecutor.execute(DriverCommandExecutor.java:175)<br />
              org.openqa.selenium.remote.RemoteWebDriver.execute(RemoteWebDriver.java:523)<br />
              org.openqa.selenium.remote.ElementLocation$ElementFinder$2.findElement(ElementLocation.java:165)<br />
              org.openqa.selenium.remote.ElementLocation.findElement(ElementLocation.java:66)<br />
              org.openqa.selenium.remote.RemoteWebDriver.findElement(RemoteWebDriver.java:360)<br />
              org.openqa.selenium.remote.RemoteWebDriver.findElement(RemoteWebDriver.java:354)<br />
              commons.BasePage.getWebElement(BasePage.java:193)<br />
              commons.BasePage.waitUntilElementVisible(BasePage.java:483)<br />
              pageObjects.portal.UserRegisterPageObject.inputToFirstNameTextbox(UserRegisterPageObject.java:55)<br />
              com.nopcommerce.account.Level_18_ExtentReportV5.User_01_Register(Level_18_ExtentReportV5.java:53)<br />
              java.base/jdk.internal.reflect.NativeMethodAccessorImpl.invoke0(Native Method)<br />
              java.base/jdk.internal.reflect.NativeMethodAccessorImpl.invoke(NativeMethodAccessorImpl.java:62)<br />
              java.base/jdk.internal.reflect.DelegatingMethodAccessorImpl.invoke(DelegatingMethodAccessorImpl.java:43)<br />
              java.base/java.lang.reflect.Method.invoke(Method.java:566)<br />
              org.testng.internal.MethodInvocationHelper.invokeMethod(MethodInvocationHelper.java:124)<br />
              org.testng.internal.Invoker.invokeMethod(Invoker.java:583)<br />
              org.testng.internal.Invoker.invokeTestMethod(Invoker.java:719)<br />
              org.testng.internal.Invoker.invokeTestMethods(Invoker.java:989)<br />
              org.testng.internal.TestMethodWorker.invokeTestMethods(TestMethodWorker.java:125)<br />
              org.testng.internal.TestMethodWorker.run(TestMethodWorker.java:109)<br />
              org.testng.TestRunner.privateRun(TestRunner.java:648)<br />
              org.testng.TestRunner.run(TestRunner.java:505)<br />
              org.testng.SuiteRunner.runTest(SuiteRunner.java:455)<br />
              org.testng.SuiteRunner.runSequentially(SuiteRunner.java:450)<br />
              org.testng.SuiteRunner.privateRun(SuiteRunner.java:415)<br />
              org.testng.SuiteRunner.run(SuiteRunner.java:364)<br />
              org.testng.SuiteRunnerWorker.runSuite(SuiteRunnerWorker.java:52)<br />
              org.testng.SuiteRunnerWorker.run(SuiteRunnerWorker.java:84)<br />
              org.testng.TestNG.runSuitesSequentially(TestNG.java:1208)<br />
              org.testng.TestNG.runSuitesLocally(TestNG.java:1137)<br />
              org.testng.TestNG.runSuites(TestNG.java:1049)<br />
              org.testng.TestNG.run(TestNG.java:1017)<br />
              org.apache.maven.surefire.testng.TestNGExecutor.run(TestNGExecutor.java:308)<br />
              org.apache.maven.surefire.testng.TestNGXmlTestSuite.execute(TestNGXmlTestSuite.java:71)<br />
              org.apache.maven.surefire.testng.TestNGProvider.invoke(TestNGProvider.java:113)<br />
              org.apache.maven.surefire.booter.ForkedBooter.runSuitesInProcess(ForkedBooter.java:385)<br />
              org.apache.maven.surefire.booter.ForkedBooter.execute(ForkedBooter.java:162)<br />
              org.apache.maven.surefire.booter.ForkedBooter.run(ForkedBooter.java:507)<br />
              org.apache.maven.surefire.booter.ForkedBooter.main(ForkedBooter.java:495)<br />
                </div>
      </td>
</tr>
<tr>
  <td class="method">
                  User_02_Login
      </td>
  <td class="duration">
    30.025s
  </td>
  <td class="result">
        
          <i>Method arguments: </i><span class="arguments">public void com.nopcommerce.account.Level_18_ExtentReportV5.User_02_Login(java.lang.reflect.Method)</span><br />
    
        

        <a href="javascript:toggleElement('exception-1', 'block')" title="Click to expand/collapse"><b>org.openqa.selenium.TimeoutException: Expected condition failed: waiting for element to be clickable: By.className: ico-logout (tried for 30 second(s) with 500 milliseconds interval)<br/>
Build info: version: &apos;4.16.1&apos;, revision: &apos;9b4c83354e&apos;<br/>
System info: os.name: &apos;Mac OS X&apos;, os.arch: &apos;aarch64&apos;, os.version: &apos;14.5&apos;, java.version: &apos;11.0.16&apos;<br/>
Driver info: org.openqa.selenium.safari.SafariDriver<br/>
Capabilities {acceptInsecureCerts: false, browserName: Safari, browserVersion: 17.5, platformName: mac, safari:automaticInspection: false, safari:automaticProfiling: false, safari:diagnose: false, safari:platformBuildVersion: 23F79, safari:platformVersion: 14.5, safari:useSimulator: false, setWindowRect: true, strictFileInteractability: false, webkit:WebRTC: {DisableICECandidateFiltering: false, DisableInsecureMediaCapture: false}}<br/>
Session ID: B8169754-8B07-4C60-937D-112D8F4D80BC</b></a><br />
    <div class="stackTrace" id="exception-1">
              org.openqa.selenium.support.ui.WebDriverWait.timeoutException(WebDriverWait.java:84)<br />
              org.openqa.selenium.support.ui.FluentWait.until(FluentWait.java:229)<br />
              commons.BasePage.waitForElementClickable(BasePage.java:508)<br />
              commons.BasePage.clickToLogoutLinkAtUserPage(BasePage.java:559)<br />
              com.nopcommerce.account.Level_18_ExtentReportV5.User_02_Login(Level_18_ExtentReportV5.java:78)<br />
              java.base/jdk.internal.reflect.NativeMethodAccessorImpl.invoke0(Native Method)<br />
              java.base/jdk.internal.reflect.NativeMethodAccessorImpl.invoke(NativeMethodAccessorImpl.java:62)<br />
              java.base/jdk.internal.reflect.DelegatingMethodAccessorImpl.invoke(DelegatingMethodAccessorImpl.java:43)<br />
              java.base/java.lang.reflect.Method.invoke(Method.java:566)<br />
              org.testng.internal.MethodInvocationHelper.invokeMethod(MethodInvocationHelper.java:124)<br />
              org.testng.internal.Invoker.invokeMethod(Invoker.java:583)<br />
              org.testng.internal.Invoker.invokeTestMethod(Invoker.java:719)<br />
              org.testng.internal.Invoker.invokeTestMethods(Invoker.java:989)<br />
              org.testng.internal.TestMethodWorker.invokeTestMethods(TestMethodWorker.java:125)<br />
              org.testng.internal.TestMethodWorker.run(TestMethodWorker.java:109)<br />
              org.testng.TestRunner.privateRun(TestRunner.java:648)<br />
              org.testng.TestRunner.run(TestRunner.java:505)<br />
              org.testng.SuiteRunner.runTest(SuiteRunner.java:455)<br />
              org.testng.SuiteRunner.runSequentially(SuiteRunner.java:450)<br />
              org.testng.SuiteRunner.privateRun(SuiteRunner.java:415)<br />
              org.testng.SuiteRunner.run(SuiteRunner.java:364)<br />
              org.testng.SuiteRunnerWorker.runSuite(SuiteRunnerWorker.java:52)<br />
              org.testng.SuiteRunnerWorker.run(SuiteRunnerWorker.java:84)<br />
              org.testng.TestNG.runSuitesSequentially(TestNG.java:1208)<br />
              org.testng.TestNG.runSuitesLocally(TestNG.java:1137)<br />
              org.testng.TestNG.runSuites(TestNG.java:1049)<br />
              org.testng.TestNG.run(TestNG.java:1017)<br />
              org.apache.maven.surefire.testng.TestNGExecutor.run(TestNGExecutor.java:308)<br />
              org.apache.maven.surefire.testng.TestNGXmlTestSuite.execute(TestNGXmlTestSuite.java:71)<br />
              org.apache.maven.surefire.testng.TestNGProvider.invoke(TestNGProvider.java:113)<br />
              org.apache.maven.surefire.booter.ForkedBooter.runSuitesInProcess(ForkedBooter.java:385)<br />
              org.apache.maven.surefire.booter.ForkedBooter.execute(ForkedBooter.java:162)<br />
              org.apache.maven.surefire.booter.ForkedBooter.run(ForkedBooter.java:507)<br />
              org.apache.maven.surefire.booter.ForkedBooter.main(ForkedBooter.java:495)<br />
                </div>
      </td>
</tr>
      </table>


  
</body>
</html>
