<?xml version="1.0" encoding="UTF-8"?>
<!-- Generated by org.testng.reporters.JUnitXMLReporter -->
<testsuite ignored="0" hostname="MacBook-Pro-cua-Nguyen.local" failures="1" tests="2" name="Run on Chrome" time="34.382" errors="0" timestamp="20 Jun 2024 09:51:42 GMT">
  <testcase classname="com.nopcommerce.account.Level_18_ExtentReportV5" name="User_01_Register" time="18.463"/>
  <testcase classname="com.nopcommerce.account.Level_18_ExtentReportV5" name="User_02_Login" time="4.711">
    <failure type="java.lang.AssertionError" message="expected [false] but found [true]">
      <![CDATA[java.lang.AssertionError: expected [false] but found [true]
at com.nopcommerce.account.Level_18_ExtentReportV5.User_02_Login(Level_18_ExtentReportV5.java:91)
... Removed 29 stack frames]]>
    </failure>
  </testcase> <!-- User_02_Login -->
</testsuite> <!-- Run on Chrome -->
